<?xml version="1.0" encoding="UTF-8"?>
<!-- Generated by org.testng.reporters.JUnitReportReporter -->
<testsuite hostname="Vishnu-PC" name="com.orangehrm.tests.LoginTest" tests="1" failures="0" timestamp="15 Feb 2017 02:45:20 GMT" time="8.780" errors="0">
  <testcase name="verifyFooterText" time="8.780" classname="com.orangehrm.tests.LoginTest"/>
</testsuite> <!-- com.orangehrm.tests.LoginTest -->
