<?xml version="1.0" encoding="UTF-8"?>
<!-- Generated by org.testng.reporters.JUnitReportReporter -->
<testsuite hostname="Vishnu-PC" name="com.orangehrm.tests.AddEmployeeTest" tests="1" failures="0" timestamp="15 Feb 2017 02:45:20 GMT" time="41.096" errors="0">
  <testcase name="verifyAddEmployeeTest" time="41.096" classname="com.orangehrm.tests.AddEmployeeTest"/>
</testsuite> <!-- com.orangehrm.tests.AddEmployeeTest -->
