<?xml version="1.0" encoding="UTF-8"?>
<!-- Generated by org.testng.reporters.JUnitReportReporter -->
<testsuite hostname="Vishnu-PC" name="testng.MyFirstTestNG" tests="3" failures="0" timestamp="2 Feb 2017 03:40:49 GMT" time="0.026" errors="0">
  <testcase name="verifyAddEmployee" time="0.003" classname="testng.MyFirstTestNG"/>
  <testcase name="verifyOptionalFields" time="0.010" classname="testng.MyFirstTestNG"/>
  <testcase name="verifyUserManagement" time="0.013" classname="testng.MyFirstTestNG"/>
</testsuite> <!-- testng.MyFirstTestNG -->
