<?xml version="1.0" encoding="UTF-8"?>
<!-- Generated by org.testng.reporters.JUnitReportReporter -->
<testsuite hostname="Vishnu-PC" name="testng.MySecondTestNG" tests="3" failures="0" timestamp="2 Feb 2017 03:40:49 GMT" time="0.011" errors="0">
  <testcase name="verifyAddEmployee" time="0.002" classname="testng.MySecondTestNG"/>
  <testcase name="verifyOptionalFields" time="0.006" classname="testng.MySecondTestNG"/>
  <testcase name="verifyUserManagement" time="0.003" classname="testng.MySecondTestNG"/>
</testsuite> <!-- testng.MySecondTestNG -->
