<?xml version="1.0" encoding="UTF-8"?>
<!-- Generated by org.testng.reporters.JUnitReportReporter -->
<testsuite hostname="Vishnu-PC" name="pom.OrangeHRMLoginTest" tests="1" failures="0" timestamp="3 Feb 2017 03:20:45 GMT" time="16.986" errors="0">
  <testcase name="verifyFunctionalityForLogin" time="16.986" classname="pom.OrangeHRMLoginTest"/>
</testsuite> <!-- pom.OrangeHRMLoginTest -->
