<?xml version="1.0" encoding="UTF-8"?>
<!-- Generated by org.testng.reporters.JUnitReportReporter -->
<testsuite hostname="Vishnu-PC" name="com.orangehrm.tests.AddEmployeeTest" tests="1" failures="0" timestamp="15 Feb 2017 03:41:41 GMT" time="39.657" errors="0">
  <testcase name="verifyAddEmployeeTest" time="39.657" classname="com.orangehrm.tests.AddEmployeeTest"/>
</testsuite> <!-- com.orangehrm.tests.AddEmployeeTest -->
